<?xml version="1.0" encoding="UTF-8"?>
<!-- Generated by org.testng.reporters.JUnitReportReporter -->
<testsuite hostname="MacBook-Pro-Yaroslav.local" failures="0" tests="1" name="main.HeaderMenu" time="6.671" errors="0" timestamp="2023-06-05T14:37:33 CEST" skipped="0">
  <testcase classname="main.HeaderMenu" name="checkHeaderUrl" time="6.671"/>
  <system-out/>
</testsuite> <!-- main.HeaderMenu -->
