<?xml version="1.0" encoding="UTF-8"?>
<!-- Generated by org.testng.reporters.JUnitReportReporter -->
<testsuite hostname="MacBook-Pro-Yaroslav.local" failures="0" tests="1" name="main.Login" time="28.153" errors="0" timestamp="2023-05-26T15:29:06 CEST" skipped="0">
  <testcase classname="main.Login" name="launchApplication" time="28.153"/>
  <system-out/>
</testsuite> <!-- main.Login -->
