<?xml version="1.0" encoding="UTF-8"?>
<!-- Generated by org.testng.reporters.JUnitReportReporter -->
<testsuite hostname="MacBook-Pro-Yaroslav.local" failures="0" tests="1" name="main.FirstTestFramework" time="8.383" errors="0" timestamp="2023-05-22T13:40:38 CEST" skipped="0">
  <testcase classname="main.FirstTestFramework" name="LoginTest" time="8.383"/>
  <system-out/>
</testsuite> <!-- main.FirstTestFramework -->
