<?xml version="1.0" encoding="UTF-8"?>
<!-- Generated by org.testng.reporters.JUnitReportReporter -->
<testsuite hostname="MacBook-Pro-Yaroslav.local" failures="0" tests="1" name="main.SocialLinks" time="22.815" errors="0" timestamp="2023-06-05T14:37:33 CEST" skipped="0">
  <testcase classname="main.SocialLinks" name="launchApplication" time="22.815"/>
  <system-out/>
</testsuite> <!-- main.SocialLinks -->
