<?xml version="1.0" encoding="UTF-8"?>
<!-- Generated by org.testng.reporters.JUnitReportReporter -->
<testsuite hostname="MacBook-Pro-Yaroslav.local" failures="0" tests="4" name="main.LoginDP" time="65.798" errors="0" timestamp="2023-04-14T16:35:07 CEST" skipped="0">
  <testcase classname="main.LoginDP" name="test" time="21.314"/>
  <system-out/>
  <testcase classname="main.LoginDP" name="test" time="15.525"/>
  <system-out/>
  <testcase classname="main.LoginDP" name="test" time="12.446"/>
  <system-out/>
  <testcase classname="main.LoginDP" name="test" time="16.513"/>
  <system-out/>
</testsuite> <!-- main.LoginDP -->
